This file contains any messages produced by compilers while
running configure, to aid debugging if configure makes a mistake.

It was created by cluster configure 1.59, which was
generated by GNU Autoconf 2.69.  Invocation command line was

  $ ./configure --without-x

## --------- ##
## Platform. ##
## --------- ##

hostname = macbook-pro-4.lan
uname -m = x86_64
uname -r = 19.3.0
uname -s = Darwin
uname -v = Darwin Kernel Version 19.3.0: Thu Jan  9 20:58:23 PST 2020; root:xnu-6153.81.5~1/RELEASE_X86_64

/usr/bin/uname -p = i386
/bin/uname -X     = unknown

/bin/arch              = unknown
/usr/bin/arch -k       = unknown
/usr/convex/getsysinfo = unknown
/usr/bin/hostinfo      = Mach kernel version:
	 Darwin Kernel Version 19.3.0: Thu Jan  9 20:58:23 PST 2020; root:xnu-6153.81.5~1/RELEASE_X86_64
Kernel configured for up to 8 processors.
4 processors are physically available.
8 processors are logically available.
Processor type: x86_64h (Intel x86-64h Haswell)
Processors active: 0 1 2 3 4 5 6 7
Primary memory available: 8.00 gigabytes
Default processor set: 451 tasks, 1884 threads, 8 processors
Load average: 1.24, Mach factor: 6.75
/bin/machine           = unknown
/usr/bin/oslevel       = unknown
/bin/universe          = unknown

PATH: /Users/erica/.cargo/bin
PATH: /Users/erica/opt/anaconda3/bin
PATH: /Users/erica/opt/anaconda3/condabin
PATH: /anaconda3/bin
PATH: /usr/local/bin
PATH: /usr/bin
PATH: /bin
PATH: /usr/sbin
PATH: /sbin
PATH: /usr/local/share/dotnet
PATH: /opt/X11/bin
PATH: ~/.dotnet/tools
PATH: /Library/Apple/usr/bin
PATH: /Library/Frameworks/Mono.framework/Versions/Current/Commands


## ----------- ##
## Core tests. ##
## ----------- ##

configure:2256: checking for a BSD-compatible install
configure:2324: result: /usr/bin/install -c
configure:2335: checking whether build environment is sane
configure:2390: result: yes
configure:2541: checking for a thread-safe mkdir -p
configure:2580: result: ./install-sh -c -d
configure:2587: checking for gawk
configure:2617: result: no
configure:2587: checking for mawk
configure:2617: result: no
configure:2587: checking for nawk
configure:2617: result: no
configure:2587: checking for awk
configure:2603: found /usr/bin/awk
configure:2614: result: awk
configure:2625: checking whether make sets $(MAKE)
configure:2647: result: yes
configure:2676: checking whether make supports nested variables
configure:2693: result: yes
configure:2871: checking for gcc
configure:2887: found /usr/bin/gcc
configure:2898: result: gcc
configure:3127: checking for C compiler version
configure:3136: gcc --version >&5
Apple clang version 11.0.3 (clang-1103.0.32.62)
Target: x86_64-apple-darwin19.3.0
Thread model: posix
InstalledDir: /Library/Developer/CommandLineTools/usr/bin
Configured with: --prefix=/Library/Developer/CommandLineTools/usr --with-gxx-include-dir=/Library/Developer/CommandLineTools/SDKs/MacOSX.sdk/usr/include/c++/4.2.1
configure:3147: $? = 0
configure:3136: gcc -v >&5
Configured with: --prefix=/Library/Developer/CommandLineTools/usr --with-gxx-include-dir=/Library/Developer/CommandLineTools/SDKs/MacOSX.sdk/usr/include/c++/4.2.1
Apple clang version 11.0.3 (clang-1103.0.32.62)
Target: x86_64-apple-darwin19.3.0
Thread model: posix
InstalledDir: /Library/Developer/CommandLineTools/usr/bin
configure:3147: $? = 0
configure:3136: gcc -V >&5
clang: error: unsupported option '-V -Wno-objc-signed-char-bool-implicit-int-conversion'
clang: error: no input files
configure:3147: $? = 1
configure:3136: gcc -qversion >&5
clang: error: unknown argument '-qversion'; did you mean '--version'?
clang: error: no input files
configure:3147: $? = 1
configure:3167: checking whether the C compiler works
configure:3189: gcc    conftest.c  >&5
configure:3193: $? = 0
configure:3241: result: yes
configure:3244: checking for C compiler default output file name
configure:3246: result: a.out
configure:3252: checking for suffix of executables
configure:3259: gcc -o conftest    conftest.c  >&5
configure:3263: $? = 0
configure:3285: result: 
configure:3307: checking whether we are cross compiling
configure:3315: gcc -o conftest    conftest.c  >&5
configure:3319: $? = 0
configure:3326: ./conftest
configure:3330: $? = 0
configure:3345: result: no
configure:3350: checking for suffix of object files
configure:3372: gcc -c   conftest.c >&5
configure:3376: $? = 0
configure:3397: result: o
configure:3401: checking whether we are using the GNU C compiler
configure:3420: gcc -c   conftest.c >&5
configure:3420: $? = 0
configure:3429: result: yes
configure:3438: checking whether gcc accepts -g
configure:3458: gcc -c -g  conftest.c >&5
configure:3458: $? = 0
configure:3499: result: yes
configure:3516: checking for gcc option to accept ISO C89
configure:3579: gcc  -c -g -O2  conftest.c >&5
configure:3579: $? = 0
configure:3592: result: none needed
configure:3617: checking whether gcc understands -c and -o together
configure:3639: gcc -c conftest.c -o conftest2.o
configure:3642: $? = 0
configure:3639: gcc -c conftest.c -o conftest2.o
configure:3642: $? = 0
configure:3654: result: yes
configure:3674: checking whether make supports the include directive
configure:3689: make -f confmf.GNU && cat confinc.out
this is the am__doit target
configure:3692: $? = 0
configure:3711: result: yes (GNU style)
configure:3736: checking dependency style of gcc
configure:3847: result: gcc3
configure:3870: checking how to run the C preprocessor
configure:3901: gcc -E  conftest.c
configure:3901: $? = 0
configure:3915: gcc -E  conftest.c
conftest.c:11:10: fatal error: 'ac_nonexistent.h' file not found
#include <ac_nonexistent.h>
         ^~~~~~~~~~~~~~~~~~
1 error generated.
configure:3915: $? = 1
configure: failed program was:
| /* confdefs.h */
| #define PACKAGE_NAME "cluster"
| #define PACKAGE_TARNAME "cluster"
| #define PACKAGE_VERSION "1.59"
| #define PACKAGE_STRING "cluster 1.59"
| #define PACKAGE_BUGREPORT ""
| #define PACKAGE_URL ""
| #define PACKAGE "cluster"
| #define VERSION "1.59"
| /* end confdefs.h.  */
| #include <ac_nonexistent.h>
configure:3940: result: gcc -E
configure:3960: gcc -E  conftest.c
configure:3960: $? = 0
configure:3974: gcc -E  conftest.c
conftest.c:11:10: fatal error: 'ac_nonexistent.h' file not found
#include <ac_nonexistent.h>
         ^~~~~~~~~~~~~~~~~~
1 error generated.
configure:3974: $? = 1
configure: failed program was:
| /* confdefs.h */
| #define PACKAGE_NAME "cluster"
| #define PACKAGE_TARNAME "cluster"
| #define PACKAGE_VERSION "1.59"
| #define PACKAGE_STRING "cluster 1.59"
| #define PACKAGE_BUGREPORT ""
| #define PACKAGE_URL ""
| #define PACKAGE "cluster"
| #define VERSION "1.59"
| /* end confdefs.h.  */
| #include <ac_nonexistent.h>
configure:4003: checking for grep that handles long lines and -e
configure:4061: result: /usr/bin/grep
configure:4066: checking for egrep
configure:4128: result: /usr/bin/grep -E
configure:4133: checking for ANSI C header files
configure:4153: gcc -c -g -O2  conftest.c >&5
configure:4153: $? = 0
configure:4226: gcc -o conftest -g -O2   conftest.c  >&5
configure:4226: $? = 0
configure:4226: ./conftest
configure:4226: $? = 0
configure:4237: result: yes
configure:4250: checking for sys/types.h
configure:4250: gcc -c -g -O2  conftest.c >&5
configure:4250: $? = 0
configure:4250: result: yes
configure:4250: checking for sys/stat.h
configure:4250: gcc -c -g -O2  conftest.c >&5
configure:4250: $? = 0
configure:4250: result: yes
configure:4250: checking for stdlib.h
configure:4250: gcc -c -g -O2  conftest.c >&5
configure:4250: $? = 0
configure:4250: result: yes
configure:4250: checking for string.h
configure:4250: gcc -c -g -O2  conftest.c >&5
configure:4250: $? = 0
configure:4250: result: yes
configure:4250: checking for memory.h
configure:4250: gcc -c -g -O2  conftest.c >&5
configure:4250: $? = 0
configure:4250: result: yes
configure:4250: checking for strings.h
configure:4250: gcc -c -g -O2  conftest.c >&5
configure:4250: $? = 0
configure:4250: result: yes
configure:4250: checking for inttypes.h
configure:4250: gcc -c -g -O2  conftest.c >&5
configure:4250: $? = 0
configure:4250: result: yes
configure:4250: checking for stdint.h
configure:4250: gcc -c -g -O2  conftest.c >&5
configure:4250: $? = 0
configure:4250: result: yes
configure:4250: checking for unistd.h
configure:4250: gcc -c -g -O2  conftest.c >&5
configure:4250: $? = 0
configure:4250: result: yes
configure:4262: checking float.h usability
configure:4262: gcc -c -g -O2  conftest.c >&5
configure:4262: $? = 0
configure:4262: result: yes
configure:4262: checking float.h presence
configure:4262: gcc -E  conftest.c
configure:4262: $? = 0
configure:4262: result: yes
configure:4262: checking for float.h
configure:4262: result: yes
configure:4268: checking math.h usability
configure:4268: gcc -c -g -O2  conftest.c >&5
configure:4268: $? = 0
configure:4268: result: yes
configure:4268: checking math.h presence
configure:4268: gcc -E  conftest.c
configure:4268: $? = 0
configure:4268: result: yes
configure:4268: checking for math.h
configure:4268: result: yes
configure:4274: checking stdio.h usability
configure:4274: gcc -c -g -O2  conftest.c >&5
configure:4274: $? = 0
configure:4274: result: yes
configure:4274: checking stdio.h presence
configure:4274: gcc -E  conftest.c
configure:4274: $? = 0
configure:4274: result: yes
configure:4274: checking for stdio.h
configure:4274: result: yes
configure:4280: checking for stdlib.h
configure:4280: result: yes
configure:4286: checking for string.h
configure:4286: result: yes
configure:4292: checking time.h usability
configure:4292: gcc -c -g -O2  conftest.c >&5
configure:4292: $? = 0
configure:4292: result: yes
configure:4292: checking time.h presence
configure:4292: gcc -E  conftest.c
configure:4292: $? = 0
configure:4292: result: yes
configure:4292: checking for time.h
configure:4292: result: yes
configure:4300: checking for an ANSI C-conforming const
configure:4366: gcc -c -g -O2  conftest.c >&5
configure:4366: $? = 0
configure:4373: result: yes
configure:4381: checking for size_t
configure:4381: gcc -c -g -O2  conftest.c >&5
configure:4381: $? = 0
configure:4381: gcc -c -g -O2  conftest.c >&5
conftest.c:57:21: error: expected expression
if (sizeof ((size_t)))
                    ^
1 error generated.
configure:4381: $? = 1
configure: failed program was:
| /* confdefs.h */
| #define PACKAGE_NAME "cluster"
| #define PACKAGE_TARNAME "cluster"
| #define PACKAGE_VERSION "1.59"
| #define PACKAGE_STRING "cluster 1.59"
| #define PACKAGE_BUGREPORT ""
| #define PACKAGE_URL ""
| #define PACKAGE "cluster"
| #define VERSION "1.59"
| #define STDC_HEADERS 1
| #define HAVE_SYS_TYPES_H 1
| #define HAVE_SYS_STAT_H 1
| #define HAVE_STDLIB_H 1
| #define HAVE_STRING_H 1
| #define HAVE_MEMORY_H 1
| #define HAVE_STRINGS_H 1
| #define HAVE_INTTYPES_H 1
| #define HAVE_STDINT_H 1
| #define HAVE_UNISTD_H 1
| /* end confdefs.h.  */
| #include <stdio.h>
| #ifdef HAVE_SYS_TYPES_H
| # include <sys/types.h>
| #endif
| #ifdef HAVE_SYS_STAT_H
| # include <sys/stat.h>
| #endif
| #ifdef STDC_HEADERS
| # include <stdlib.h>
| # include <stddef.h>
| #else
| # ifdef HAVE_STDLIB_H
| #  include <stdlib.h>
| # endif
| #endif
| #ifdef HAVE_STRING_H
| # if !defined STDC_HEADERS && defined HAVE_MEMORY_H
| #  include <memory.h>
| # endif
| # include <string.h>
| #endif
| #ifdef HAVE_STRINGS_H
| # include <strings.h>
| #endif
| #ifdef HAVE_INTTYPES_H
| # include <inttypes.h>
| #endif
| #ifdef HAVE_STDINT_H
| # include <stdint.h>
| #endif
| #ifdef HAVE_UNISTD_H
| # include <unistd.h>
| #endif
| int
| main ()
| {
| if (sizeof ((size_t)))
| 	    return 0;
|   ;
|   return 0;
| }
configure:4381: result: yes
configure:4396: checking for stdlib.h
configure:4396: result: yes
configure:4406: checking for GNU libc compatible malloc
configure:4430: gcc -o conftest -g -O2   conftest.c  >&5
configure:4430: $? = 0
configure:4430: ./conftest
configure:4430: $? = 0
configure:4440: result: yes
configure:4461: checking for sqrt,exp,log in -lm
configure:4486: gcc -o conftest -g -O2   conftest.c -lm   >&5
conftest.c:30:6: error: redefinition of 'sqrt' as different kind of symbol
char sqrt,exp,log ();
     ^
conftest.c:30:6: note: unguarded header; consider using #ifdef guards or #pragma once
conftest.c:30:6: note: previous definition is here
conftest.c:30:11: error: redefinition of 'exp' as different kind of symbol
char sqrt,exp,log ();
          ^
conftest.c:30:11: note: unguarded header; consider using #ifdef guards or #pragma once
conftest.c:30:11: note: previous definition is here
conftest.c:30:15: warning: incompatible redeclaration of library function 'log' [-Wincompatible-library-redeclaration]
char sqrt,exp,log ();
              ^
conftest.c:30:15: note: 'log' is a builtin with type 'double (double)'
conftest.c:34:8: warning: expression result unused [-Wunused-value]
return sqrt,exp,log ();
       ^~~~
conftest.c:34:13: warning: expression result unused [-Wunused-value]
return sqrt,exp,log ();
            ^~~
3 warnings and 2 errors generated.
configure:4486: $? = 1
configure: failed program was:
| /* confdefs.h */
| #define PACKAGE_NAME "cluster"
| #define PACKAGE_TARNAME "cluster"
| #define PACKAGE_VERSION "1.59"
| #define PACKAGE_STRING "cluster 1.59"
| #define PACKAGE_BUGREPORT ""
| #define PACKAGE_URL ""
| #define PACKAGE "cluster"
| #define VERSION "1.59"
| #define STDC_HEADERS 1
| #define HAVE_SYS_TYPES_H 1
| #define HAVE_SYS_STAT_H 1
| #define HAVE_STDLIB_H 1
| #define HAVE_STRING_H 1
| #define HAVE_MEMORY_H 1
| #define HAVE_STRINGS_H 1
| #define HAVE_INTTYPES_H 1
| #define HAVE_STDINT_H 1
| #define HAVE_UNISTD_H 1
| #define HAVE_STDLIB_H 1
| #define HAVE_MALLOC 1
| /* end confdefs.h.  */
| 
| /* Override any GCC internal prototype to avoid an error.
|    Use char because int might match the return type of a GCC
|    builtin and then its argument prototype would still apply.  */
| #ifdef __cplusplus
| extern "C"
| #endif
| char sqrt,exp,log ();
| int
| main ()
| {
| return sqrt,exp,log ();
|   ;
|   return 0;
| }
configure:4495: result: no
configure:4511: Building command-line version of Cluster 3.0
configure:5583: checking that generated files are newer than configure
configure:5589: result: done
configure:5620: creating ./config.status

## ---------------------- ##
## Running config.status. ##
## ---------------------- ##

This file was extended by cluster config.status 1.59, which was
generated by GNU Autoconf 2.69.  Invocation command line was

  CONFIG_FILES    = 
  CONFIG_HEADERS  = 
  CONFIG_LINKS    = 
  CONFIG_COMMANDS = 
  $ ./config.status 

on macbook-pro-4.lan

config.status:864: creating Makefile
config.status:864: creating src/Makefile
config.status:864: creating config.h
config.status:1093: executing depfiles commands
config.status:1170: cd src       && sed -e '/# am--include-marker/d' Makefile         | make -f - am--depfiles
config.status:1175: $? = 0

## ---------------- ##
## Cache variables. ##
## ---------------- ##

ac_cv_c_compiler_gnu=yes
ac_cv_c_const=yes
ac_cv_env_CC_set=
ac_cv_env_CC_value=
ac_cv_env_CFLAGS_set=
ac_cv_env_CFLAGS_value=
ac_cv_env_CPPFLAGS_set=
ac_cv_env_CPPFLAGS_value=
ac_cv_env_CPP_set=
ac_cv_env_CPP_value=
ac_cv_env_LDFLAGS_set=
ac_cv_env_LDFLAGS_value=
ac_cv_env_LIBS_set=
ac_cv_env_LIBS_value=
ac_cv_env_XMKMF_set=
ac_cv_env_XMKMF_value=
ac_cv_env_build_alias_set=
ac_cv_env_build_alias_value=
ac_cv_env_host_alias_set=
ac_cv_env_host_alias_value=
ac_cv_env_target_alias_set=
ac_cv_env_target_alias_value=
ac_cv_func_malloc_0_nonnull=yes
ac_cv_header_float_h=yes
ac_cv_header_inttypes_h=yes
ac_cv_header_math_h=yes
ac_cv_header_memory_h=yes
ac_cv_header_stdc=yes
ac_cv_header_stdint_h=yes
ac_cv_header_stdio_h=yes
ac_cv_header_stdlib_h=yes
ac_cv_header_string_h=yes
ac_cv_header_strings_h=yes
ac_cv_header_sys_stat_h=yes
ac_cv_header_sys_types_h=yes
ac_cv_header_time_h=yes
ac_cv_header_unistd_h=yes
ac_cv_lib_m_sqrt_exp_log=no
ac_cv_objext=o
ac_cv_path_EGREP='/usr/bin/grep -E'
ac_cv_path_GREP=/usr/bin/grep
ac_cv_path_install='/usr/bin/install -c'
ac_cv_prog_AWK=awk
ac_cv_prog_CPP='gcc -E'
ac_cv_prog_ac_ct_CC=gcc
ac_cv_prog_cc_c89=
ac_cv_prog_cc_g=yes
ac_cv_prog_make_make_set=yes
ac_cv_type_size_t=yes
am_cv_CC_dependencies_compiler_type=gcc3
am_cv_make_support_nested_variables=yes
am_cv_prog_cc_c_o=yes

## ----------------- ##
## Output variables. ##
## ----------------- ##

ACLOCAL='${SHELL} /Users/erica/Local_documents/Projects/AR_Heatmap/libheatmap/cluster-1.59/missing aclocal-1.16'
AMDEPBACKSLASH='\'
AMDEP_FALSE='#'
AMDEP_TRUE=''
AMTAR='$${TAR-tar}'
AM_BACKSLASH='\'
AM_DEFAULT_V='$(AM_DEFAULT_VERBOSITY)'
AM_DEFAULT_VERBOSITY='1'
AM_V='$(V)'
AUTOCONF='${SHELL} /Users/erica/Local_documents/Projects/AR_Heatmap/libheatmap/cluster-1.59/missing autoconf'
AUTOHEADER='${SHELL} /Users/erica/Local_documents/Projects/AR_Heatmap/libheatmap/cluster-1.59/missing autoheader'
AUTOMAKE='${SHELL} /Users/erica/Local_documents/Projects/AR_Heatmap/libheatmap/cluster-1.59/missing automake-1.16'
AWK='awk'
CC='gcc'
CCDEPMODE='depmode=gcc3'
CFLAGS='-g -O2'
CPP='gcc -E'
CPPFLAGS=''
CYGPATH_W='echo'
DEFS='-DHAVE_CONFIG_H'
DEPDIR='.deps'
ECHO_C='\c'
ECHO_N=''
ECHO_T=''
EGREP='/usr/bin/grep -E'
EXEEXT=''
GREP='/usr/bin/grep'
INSTALL_DATA='${INSTALL} -m 644'
INSTALL_PROGRAM='${INSTALL}'
INSTALL_SCRIPT='${INSTALL}'
INSTALL_STRIP_PROGRAM='$(install_sh) -c -s'
LDFLAGS=''
LIBOBJS=''
LIBS=''
LTLIBOBJS=''
MAKEINFO='${SHELL} /Users/erica/Local_documents/Projects/AR_Heatmap/libheatmap/cluster-1.59/missing makeinfo'
MKDIR_P='./install-sh -c -d'
MOTIF_FALSE=''
MOTIF_TRUE='#'
OBJEXT='o'
PACKAGE='cluster'
PACKAGE_BUGREPORT=''
PACKAGE_NAME='cluster'
PACKAGE_STRING='cluster 1.59'
PACKAGE_TARNAME='cluster'
PACKAGE_URL=''
PACKAGE_VERSION='1.59'
PATH_SEPARATOR=':'
RANLIB=''
SET_MAKE=''
SHELL='/bin/sh'
STRIP=''
VERSION='1.59'
XMKMF=''
X_CFLAGS=''
X_EXTRA_LIBS=''
X_LIBS=''
X_PRE_LIBS=''
ac_ct_CC='gcc'
am__EXEEXT_FALSE=''
am__EXEEXT_TRUE='#'
am__fastdepCC_FALSE='#'
am__fastdepCC_TRUE=''
am__include='include'
am__isrc=''
am__leading_dot='.'
am__nodep='_no'
am__quote=''
am__tar='$${TAR-tar} chof - "$$tardir"'
am__untar='$${TAR-tar} xf -'
bindir='${exec_prefix}/bin'
build_alias=''
datadir='${datarootdir}'
datarootdir='${prefix}/share'
docdir='${datarootdir}/doc/${PACKAGE_TARNAME}'
dvidir='${docdir}'
exec_prefix='${prefix}'
host_alias=''
htmldir='${docdir}'
includedir='${prefix}/include'
infodir='${datarootdir}/info'
install_sh='${SHELL} /Users/erica/Local_documents/Projects/AR_Heatmap/libheatmap/cluster-1.59/install-sh'
libdir='${exec_prefix}/lib'
libexecdir='${exec_prefix}/libexec'
localedir='${datarootdir}/locale'
localstatedir='${prefix}/var'
mandir='${datarootdir}/man'
mkdir_p='$(MKDIR_P)'
oldincludedir='/usr/include'
pdfdir='${docdir}'
prefix='/usr/local'
program_transform_name='s,x,x,'
psdir='${docdir}'
sbindir='${exec_prefix}/sbin'
sharedstatedir='${prefix}/com'
sysconfdir='${prefix}/etc'
target_alias=''

## ----------- ##
## confdefs.h. ##
## ----------- ##

/* confdefs.h */
#define PACKAGE_NAME "cluster"
#define PACKAGE_TARNAME "cluster"
#define PACKAGE_VERSION "1.59"
#define PACKAGE_STRING "cluster 1.59"
#define PACKAGE_BUGREPORT ""
#define PACKAGE_URL ""
#define PACKAGE "cluster"
#define VERSION "1.59"
#define STDC_HEADERS 1
#define HAVE_SYS_TYPES_H 1
#define HAVE_SYS_STAT_H 1
#define HAVE_STDLIB_H 1
#define HAVE_STRING_H 1
#define HAVE_MEMORY_H 1
#define HAVE_STRINGS_H 1
#define HAVE_INTTYPES_H 1
#define HAVE_STDINT_H 1
#define HAVE_UNISTD_H 1
#define HAVE_STDLIB_H 1
#define HAVE_MALLOC 1

configure: exit 0
